{
  "stats": {
    "suites": 1,
    "tests": 1,
    "passes": 1,
    "pending": 0,
    "failures": 0,
    "start": "2023-07-04T19:50:26.475Z",
    "end": "2023-07-04T19:50:37.728Z",
    "duration": 11253,
    "testsRegistered": 1,
    "passPercent": 100,
    "pendingPercent": 0,
    "other": 0,
    "hasOther": false,
    "skipped": 0,
    "hasSkipped": false
  },
  "results": [
    {
      "uuid": "bcf5a74f-cdef-4cb6-8625-807f7d685d03",
      "title": "",
      "fullFile": "cypress/e2e/validaHomeLogada.cy.js",
      "file": "cypress/e2e/validaHomeLogada.cy.js",
      "beforeHooks": [],
      "afterHooks": [],
      "tests": [],
      "suites": [
        {
          "uuid": "160a2db9-0292-4d5e-a5a2-5eb05a78db98",
          "title": "Logando",
          "fullFile": "",
          "file": "",
          "beforeHooks": [],
          "afterHooks": [],
          "tests": [
            {
              "title": "Componentes Tela Home",
              "fullTitle": "Logando Componentes Tela Home",
              "timedOut": null,
              "duration": 11238,
              "state": "passed",
              "speed": "slow",
              "pass": true,
              "fail": false,
              "pending": false,
              "context": null,
              "code": "_homePage.default.validaComponentesHomeLogada();",
              "err": {},
              "uuid": "5c9ba3fb-2920-4526-a1ce-8d070afe8822",
              "parentUUID": "160a2db9-0292-4d5e-a5a2-5eb05a78db98",
              "isHook": false,
              "skipped": false
            }
          ],
          "suites": [],
          "passes": [
            "5c9ba3fb-2920-4526-a1ce-8d070afe8822"
          ],
          "failures": [],
          "pending": [],
          "skipped": [],
          "duration": 11238,
          "root": false,
          "rootEmpty": false,
          "_timeout": 2000
        }
      ],
      "passes": [],
      "failures": [],
      "pending": [],
      "skipped": [],
      "duration": 0,
      "root": true,
      "rootEmpty": true,
      "_timeout": 2000
    }
  ],
  "meta": {
    "mocha": {
      "version": "7.0.1"
    },
    "mochawesome": {
      "options": {
        "quiet": false,
        "reportFilename": "mochawesome",
        "saveHtml": true,
        "saveJson": true,
        "consoleReporter": "spec",
        "useInlineDiffs": false,
        "code": true
      },
      "version": "7.1.3"
    },
    "marge": {
      "options": null,
      "version": "6.2.0"
    }
  }
}